[Fri 04/24/2026 16:18:51.93] run.bat APP_DIR=C:\Users\datdt\.cursor\projects\C-Users-datdt-AppData-Local-Temp-79859c51-d3e2-4bce-88b7-39f13a078f79\pos-home
[Fri 04/24/2026 16:18:51.94] ERR no pos-app.jar at C:\Users\datdt\.cursor\projects\C-Users-datdt-AppData-Local-Temp-79859c51-d3e2-4bce-88b7-39f13a078f79\pos-home\pos-app.jar
[Fri 04/24/2026 21:04:01.47] run.bat APP_DIR=C:\Users\datdt\.cursor\projects\C-Users-datdt-AppData-Local-Temp-79859c51-d3e2-4bce-88b7-39f13a078f79\pos-home
[Fri 04/24/2026 21:04:01.47] ERR no pos-app.jar at C:\Users\datdt\.cursor\projects\C-Users-datdt-AppData-Local-Temp-79859c51-d3e2-4bce-88b7-39f13a078f79\pos-home\pos-app.jar
[Fri 04/24/2026 21:07:31.65] run.bat: dung target\pos-app.jar va target\jfx
[Fri 04/24/2026 21:07:31.66] run.bat APP_DIR=C:\Users\datdt\.cursor\projects\C-Users-datdt-AppData-Local-Temp-79859c51-d3e2-4bce-88b7-39f13a078f79\pos-home
[Fri 04/24/2026 21:11:34.66] run.bat: dung target\pos-app.jar va target\jfx
[Fri 04/24/2026 21:11:34.66] run.bat APP_DIR=C:\Users\datdt\.cursor\projects\C-Users-datdt-AppData-Local-Temp-79859c51-d3e2-4bce-88b7-39f13a078f79\pos-home
[Fri 04/24/2026 21:18:08.64] run.bat: dung target\pos-app.jar va target\jfx
[Fri 04/24/2026 21:18:08.64] run.bat APP_DIR=C:\Users\datdt\.cursor\projects\C-Users-datdt-AppData-Local-Temp-79859c51-d3e2-4bce-88b7-39f13a078f79\pos-home
[Fri 04/24/2026 21:24:56.25] run.bat: dung target\pos-app.jar va target\jfx
[Fri 04/24/2026 21:24:56.26] run.bat APP_DIR=C:\Users\datdt\.cursor\projects\C-Users-datdt-AppData-Local-Temp-79859c51-d3e2-4bce-88b7-39f13a078f79\pos-home
[Fri 04/24/2026 21:28:53.76] run.bat: dung target\pos-app.jar va target\jfx
[Fri 04/24/2026 21:28:53.76] run.bat APP_DIR=C:\Users\datdt\.cursor\projects\C-Users-datdt-AppData-Local-Temp-79859c51-d3e2-4bce-88b7-39f13a078f79\pos-home
[Fri 04/24/2026 21:30:33.53] run.bat: dung target\pos-app.jar va target\jfx
[Fri 04/24/2026 21:30:33.54] run.bat APP_DIR=C:\Users\datdt\.cursor\projects\C-Users-datdt-AppData-Local-Temp-79859c51-d3e2-4bce-88b7-39f13a078f79\pos-home
[Fri 04/24/2026 21:33:40.73] run.bat: dung target\pos-app.jar va target\jfx
[Fri 04/24/2026 21:33:40.73] run.bat APP_DIR=C:\Users\datdt\.cursor\projects\C-Users-datdt-AppData-Local-Temp-79859c51-d3e2-4bce-88b7-39f13a078f79\pos-home
[Fri 04/24/2026 21:35:27.02] run.bat: dung target\pos-app.jar va target\jfx
[Fri 04/24/2026 21:35:27.02] run.bat APP_DIR=C:\Users\datdt\.cursor\projects\C-Users-datdt-AppData-Local-Temp-79859c51-d3e2-4bce-88b7-39f13a078f79\pos-home
[Fri 04/24/2026 21:37:13.87] run.bat: dung target\pos-app.jar va target\jfx
[Fri 04/24/2026 21:37:13.88] run.bat APP_DIR=C:\Users\datdt\.cursor\projects\C-Users-datdt-AppData-Local-Temp-79859c51-d3e2-4bce-88b7-39f13a078f79\pos-home
[Fri 04/24/2026 21:41:19.16] run.bat: dung target\pos-app.jar va target\jfx
[Fri 04/24/2026 21:41:19.16] run.bat APP_DIR=C:\Users\datdt\.cursor\projects\C-Users-datdt-AppData-Local-Temp-79859c51-d3e2-4bce-88b7-39f13a078f79\pos-home
[Fri 04/24/2026 21:42:15.05] run.bat: dung target\pos-app.jar va target\jfx
[Fri 04/24/2026 21:42:15.05] run.bat APP_DIR=C:\Users\datdt\.cursor\projects\C-Users-datdt-AppData-Local-Temp-79859c51-d3e2-4bce-88b7-39f13a078f79\pos-home
[Fri 04/24/2026 21:44:05.10] run.bat: dung target\pos-app.jar va target\jfx
[Fri 04/24/2026 21:44:05.11] run.bat APP_DIR=C:\Users\datdt\.cursor\projects\C-Users-datdt-AppData-Local-Temp-79859c51-d3e2-4bce-88b7-39f13a078f79\pos-home
[Fri 04/24/2026 21:48:59.46] run.bat: dung target\pos-app.jar va target\jfx
[Fri 04/24/2026 21:48:59.46] run.bat APP_DIR=C:\Users\datdt\.cursor\projects\C-Users-datdt-AppData-Local-Temp-79859c51-d3e2-4bce-88b7-39f13a078f79\pos-home
[Fri 04/24/2026 22:16:06.53] run.bat: dung target\pos-app.jar va target\jfx
[Fri 04/24/2026 22:16:06.53] run.bat APP_DIR=C:\Users\datdt\.cursor\projects\C-Users-datdt-AppData-Local-Temp-79859c51-d3e2-4bce-88b7-39f13a078f79\pos-home
[Sat 04/25/2026 17:40:01.25] run.bat: dung target\pos-app.jar va target\jfx
[Sat 04/25/2026 17:40:01.26] run.bat APP_DIR=C:\Users\datdt\.cursor\projects\C-Users-datdt-AppData-Local-Temp-79859c51-d3e2-4bce-88b7-39f13a078f79\pos-home
[Sat 04/25/2026 17:40:01.94] ERR need Java 11, set JAVA_HOME
[Sat 04/25/2026 17:41:43.41] run.bat: dung target\pos-app.jar va target\jfx
[Sat 04/25/2026 17:41:43.42] run.bat APP_DIR=C:\Users\datdt\.cursor\projects\C-Users-datdt-AppData-Local-Temp-79859c51-d3e2-4bce-88b7-39f13a078f79\pos-home
